<?xml version="1.0" encoding="UTF-8"?>
<!-- Generated by org.testng.reporters.JUnitReportReporter -->
<testsuite hostname="Sivam" failures="0" tests="1" name="execuationPack.ExecuationClass" time="23.500" errors="0" timestamp="01 Aug 2023 19:08:33 GMT" skipped="0">
  <testcase classname="execuationPack.ExecuationClass" name="sampleTest" time="23.500"/>
</testsuite> <!-- execuationPack.ExecuationClass -->
